<?xml version="1.0" encoding="UTF-8"?>
<!-- Generated by org.testng.reporters.JUnitReportReporter -->
<testsuite hostname="DESKTOP-VA8O2B8" failures="0" tests="2" name="Tests.Click_Register_test" time="15.048" errors="0" timestamp="2022-11-28T13:27:41 EET" skipped="0">
  <testcase classname="Tests.Click_Register_test" name="userclickMyAccount" time="8.192"/>
  <system-out/>
  <testcase classname="Tests.Click_Register_test" name="userclickregister" time="6.856"/>
  <system-out/>
</testsuite> <!-- Tests.Click_Register_test -->
