<?xml version="1.0" encoding="UTF-8"?>
<!-- Generated by org.testng.reporters.JUnitReportReporter -->
<testsuite hostname="DESKTOP-VA8O2B8" failures="0" tests="1" name="Tests.Click_My_Account_test" time="7.178" errors="0" timestamp="2022-11-28T13:27:41 EET" skipped="0">
  <testcase classname="Tests.Click_My_Account_test" name="userclickMyAccount" time="7.178"/>
  <system-out/>
</testsuite> <!-- Tests.Click_My_Account_test -->
